[ERROR] - Line 11 | Position 12 - Unexpected symbol (').
[ERROR] - Line 11 | Position 13 - syntax error.
